1088320467718439650
544160233859219825
1632480701577659476
816240350788829738
408120175394414869
1224360526183244608
612180263091622304
306090131545811152
153045065772905576
76522532886452788
38261266443226394
19130633221613197
57391899664839592
28695949832419796
14347974916209898
7173987458104949
21521962374314848
10760981187157424
5380490593578712
2690245296789356
1345122648394678
672561324197339
2017683972592018
1008841986296009
3026525958888028
1513262979444014
756631489722007
2269894469166022
1134947234583011
3404841703749034
1702420851874517
5107262555623552
2553631277811776
1276815638905888
638407819452944
319203909726472
159601954863236
79800977431618
39900488715809
119701466147428
59850733073714
29925366536857
89776099610572
44888049805286
22444024902643
67332074707930
33666037353965
100998112061896
50499056030948
25249528015474
12624764007737
37874292023212
18937146011606
9468573005803
28405719017410
14202859508705
42608578526116
21304289263058
10652144631529
31956433894588
15978216947294
7989108473647
23967325420942
11983662710471
35950988131414
17975494065707
53926482197122
26963241098561
80889723295684
40444861647842
20222430823921
60667292471764
30333646235882
15166823117941
45500469353824
22750234676912
11375117338456
5687558669228
2843779334614
1421889667307
4265669001922
2132834500961
6398503502884
3199251751442
1599625875721
4798877627164
2399438813582
1199719406791
3599158220374
1799579110187
5398737330562
2699368665281
8098105995844
4049052997922
2024526498961
6073579496884
3036789748442
1518394874221
4555184622664
2277592311332
1138796155666
569398077833
1708194233500
854097116750
427048558375
1281145675126
640572837563
1921718512690
960859256345
2882577769036
1441288884518
720644442259
2161933326778
1080966663389
3242899990168
1621449995084
810724997542
405362498771
1216087496314
608043748157
1824131244472
912065622236
456032811118
228016405559
684049216678
342024608339
1026073825018
513036912509
1539110737528
769555368764
384777684382
192388842191
577166526574
288583263287
865749789862
432874894931
1298624684794
649312342397
1947937027192
973968513596
486984256798
243492128399
730476385198
365238192599
1095714577798
547857288899
1643571866698
821785933349
2465357800048
1232678900024
616339450012
308169725006
154084862503
462254587510
231127293755
693381881266
346690940633
1040072821900
520036410950
260018205475
780054616426
390027308213
1170081924640
585040962320
292520481160
146260240580
73130120290
36565060145
109695180436
54847590218
27423795109
82271385328
41135692664
20567846332
10283923166
5141961583
15425884750
7712942375
23138827126
11569413563
34708240690
17354120345
52062361036
26031180518
13015590259
39046770778
19523385389
58570156168
29285078084
14642539042
7321269521
21963808564
10981904282
5490952141
16472856424
8236428212
4118214106
2059107053
6177321160
3088660580
1544330290
772165145
2316495436
1158247718
579123859
1737371578
868685789
2606057368
1303028684
651514342
325757171
977271514
488635757
1465907272
732953636
366476818
183238409
549715228
274857614
137428807
412286422
206143211
618429634
309214817
927644452
463822226
231911113
695733340
347866670
173933335
521800006
260900003
782700010
391350005
1174050016
587025008
293512504
146756252
73378126
36689063
110067190
55033595
165100786
82550393
247651180
123825590
61912795
185738386
92869193
278607580
139303790
69651895
208955686
104477843
313433530
156716765
470150296
235075148
117537574
58768787
176306362
88153181
264459544
132229772
66114886
33057443
99172330
49586165
148758496
74379248
37189624
18594812
9297406
4648703
13946110
6973055
20919166
10459583
31378750
15689375
47068126
23534063
70602190
35301095
105903286
52951643
158854930
79427465
238282396
119141198
59570599
178711798
89355899
268067698
134033849
402101548
201050774
100525387
301576162
150788081
452364244
226182122
113091061
339273184
169636592
84818296
42409148
21204574
10602287
31806862
15903431
47710294
23855147
71565442
35782721
107348164
53674082
26837041
80511124
40255562
20127781
60383344
30191672
15095836
7547918
3773959
11321878
5660939
16982818
8491409
25474228
12737114
6368557
19105672
9552836
4776418
2388209
7164628
3582314
1791157
5373472
2686736
1343368
671684
335842
167921
503764
251882
125941
377824
188912
94456
47228
23614
11807
35422
17711
53134
26567
79702
39851
119554
59777
179332
89666
44833
134500
67250
33625
100876
50438
25219
75658
37829
113488
56744
28372
14186
7093
21280
10640
5320
2660
1330
665
1996
998
499
1498
749
2248
1124
562
281
844
422
211
634
317
952
476
238
119
358
179
538
269
808
404
202
101
304
152
76
38
19
58
29
88
44
22
11
34
17
52
26
13
40
20
10
5
16
8
4
2
1
false
